<?xml version="1.0" encoding="UTF-8"?>
<testng-results ignored="0" total="2" passed="2" failed="0" skipped="0">
  <reporter-output>
  </reporter-output>
  <suite started-at="2024-03-23T09:47:25 IST" name="Surefire suite" finished-at="2024-03-23T09:47:56 IST" duration-ms="31045">
    <groups>
    </groups>
    <test started-at="2024-03-23T09:47:25 IST" name="Surefire test" finished-at="2024-03-23T09:47:56 IST" duration-ms="31045">
      <class name="Basic.organizationsTest">
        <test-method signature="CreateOrganizationsTest()[pri:0, instance:Basic.organizationsTest@117e949d]" started-at="2024-03-23T09:47:41 IST" name="CreateOrganizationsTest" finished-at="2024-03-23T09:47:56 IST" duration-ms="15009" status="PASS">
          <reporter-output>
          </reporter-output>
        </test-method> <!-- CreateOrganizationsTest -->
      </class> <!-- Basic.organizationsTest -->
      <class name="Basic.ContactactsTest">
        <test-method signature="CreateContactTest()[pri:0, instance:Basic.ContactactsTest@445b295b]" started-at="2024-03-23T09:47:25 IST" name="CreateContactTest" finished-at="2024-03-23T09:47:41 IST" duration-ms="15967" status="PASS">
          <reporter-output>
          </reporter-output>
        </test-method> <!-- CreateContactTest -->
      </class> <!-- Basic.ContactactsTest -->
    </test> <!-- Surefire test -->
  </suite> <!-- Surefire suite -->
</testng-results>
