<?xml version="1.0" encoding="UTF-8"?>
<testng-results ignored="0" total="1" passed="1" failed="0" skipped="0">
  <reporter-output>
  </reporter-output>
  <suite started-at="2024-03-22T11:20:54 IST" name="Surefire suite" finished-at="2024-03-22T11:21:04 IST" duration-ms="9808">
    <groups>
    </groups>
    <test started-at="2024-03-22T11:20:54 IST" name="Surefire test" finished-at="2024-03-22T11:21:04 IST" duration-ms="9808">
      <class name="Basic.organizationsTest">
        <test-method signature="CreateOrganizationsTest()[pri:0, instance:Basic.organizationsTest@2e377400]" started-at="2024-03-22T11:20:55 IST" name="CreateOrganizationsTest" finished-at="2024-03-22T11:21:04 IST" duration-ms="9737" status="PASS">
          <reporter-output>
          </reporter-output>
        </test-method> <!-- CreateOrganizationsTest -->
      </class> <!-- Basic.organizationsTest -->
    </test> <!-- Surefire test -->
  </suite> <!-- Surefire suite -->
</testng-results>
