<?xml version="1.0" encoding="UTF-8"?>
<testng-results ignored="0" total="1" passed="1" failed="0" skipped="0">
  <reporter-output>
  </reporter-output>
  <suite started-at="2024-03-24T12:48:46 IST" name="Default suite" finished-at="2024-03-24T12:49:03 IST" duration-ms="17008">
    <groups>
    </groups>
    <test started-at="2024-03-24T12:48:46 IST" name="Default test" finished-at="2024-03-24T12:49:03 IST" duration-ms="17008">
      <class name="Basic.LeadsTest">
        <test-method signature="CreateLeadsTest()[pri:0, instance:Basic.LeadsTest@20f5239f]" started-at="2024-03-24T12:48:46 IST" name="CreateLeadsTest" finished-at="2024-03-24T12:49:03 IST" duration-ms="16956" status="PASS">
          <reporter-output>
          </reporter-output>
        </test-method> <!-- CreateLeadsTest -->
      </class> <!-- Basic.LeadsTest -->
    </test> <!-- Default test -->
  </suite> <!-- Default suite -->
</testng-results>
